<?xml version="1.0" encoding="UTF-8"?>
<testng-results skipped="0" failed="0" total="2" passed="2">
  <reporter-output>
  </reporter-output>
  <suite name="Default Suite" duration-ms="5910" started-at="2020-08-20T06:50:57Z" finished-at="2020-08-20T06:51:03Z">
    <groups>
    </groups>
    <test name="webDriverFrame" duration-ms="5910" started-at="2020-08-20T06:50:57Z" finished-at="2020-08-20T06:51:03Z">
      <class name="com.yyc.EleTest">
        <test-method status="PASS" signature="indexCase01()[pri:0, instance:com.yyc.EleTest@73ad7e90]" name="indexCase01" duration-ms="5829" started-at="2020-08-20T14:50:57Z" finished-at="2020-08-20T14:51:03Z">
          <reporter-output>
          </reporter-output>
        </test-method> <!-- indexCase01 -->
        <test-method status="PASS" signature="indexCase02()[pri:0, instance:com.yyc.EleTest@73ad7e90]" name="indexCase02" duration-ms="5" started-at="2020-08-20T14:51:03Z" finished-at="2020-08-20T14:51:03Z">
          <reporter-output>
          </reporter-output>
        </test-method> <!-- indexCase02 -->
      </class> <!-- com.yyc.EleTest -->
    </test> <!-- webDriverFrame -->
  </suite> <!-- Default Suite -->
</testng-results>
